<?xml version="1.0" encoding="UTF-8" ?>
<testsuites>
  <testsuite errors="0" failures="0" hostname="blackhole" id="0" name="CartItemTests" package="" tests="1" time="1.71" timestamp="2008-02-17T13:22:31">
      <properties />

      <testcase classname="CartItemTests" name="testSave" time="1.522" />

      <system-out><![CDATA[--Output from testSave--
]]></system-out>

      <system-err><![CDATA[--Output from testSave--
]]></system-err>

  </testsuite>
  <testsuite errors="0" failures="0" hostname="blackhole" id="1" name="CategoryTests" package="" tests="1" time="0.0090" timestamp="2008-02-17T13:22:33">
      <properties />

      <testcase classname="CategoryTests" name="testSomething" time="0.0" />

      <system-out><![CDATA[--Output from testSomething--
]]></system-out>

      <system-err><![CDATA[--Output from testSomething--
]]></system-err>

  </testsuite>
  <testsuite errors="0" failures="0" hostname="blackhole" id="2" name="ContactControllerTests" package="" tests="1" time="0.01" timestamp="2008-02-17T13:22:33">
      <properties />

      <testcase classname="ContactControllerTests" name="testSomething" time="0.0010" />

      <system-out><![CDATA[--Output from testSomething--
]]></system-out>

      <system-err><![CDATA[--Output from testSomething--
]]></system-err>

  </testsuite>
  <testsuite errors="0" failures="0" hostname="blackhole" id="3" name="CustomerTests" package="" tests="1" time="0.0070" timestamp="2008-02-17T13:22:33">
      <properties />

      <testcase classname="CustomerTests" name="testSomething" time="0.0" />

      <system-out><![CDATA[--Output from testSomething--
]]></system-out>

      <system-err><![CDATA[--Output from testSomething--
]]></system-err>

  </testsuite>
  <testsuite errors="0" failures="0" hostname="blackhole" id="4" name="GiftItemControllerTests" package="" tests="1" time="0.0080" timestamp="2008-02-17T13:22:33">
      <properties />

      <testcase classname="GiftItemControllerTests" name="testSomething" time="0.0010" />

      <system-out><![CDATA[--Output from testSomething--
]]></system-out>

      <system-err><![CDATA[--Output from testSomething--
]]></system-err>

  </testsuite>
  <testsuite errors="0" failures="0" hostname="blackhole" id="5" name="GiftItemTests" package="" tests="1" time="0.0090" timestamp="2008-02-17T13:22:33">
      <properties />

      <testcase classname="GiftItemTests" name="testSomething" time="0.0" />

      <system-out><![CDATA[--Output from testSomething--
]]></system-out>

      <system-err><![CDATA[--Output from testSomething--
]]></system-err>

  </testsuite>
  <testsuite errors="0" failures="0" hostname="blackhole" id="6" name="GuestbookEntryControllerTests" package="" tests="1" time="0.0060" timestamp="2008-02-17T13:22:33">
      <properties />

      <testcase classname="GuestbookEntryControllerTests" name="testSomething" time="0.0010" />

      <system-out><![CDATA[--Output from testSomething--
]]></system-out>

      <system-err><![CDATA[--Output from testSomething--
]]></system-err>

  </testsuite>
  <testsuite errors="0" failures="0" hostname="blackhole" id="7" name="GuestbookEntryTests" package="" tests="1" time="0.0070" timestamp="2008-02-17T13:22:33">
      <properties />

      <testcase classname="GuestbookEntryTests" name="testSomething" time="0.0" />

      <system-out><![CDATA[--Output from testSomething--
]]></system-out>

      <system-err><![CDATA[--Output from testSomething--
]]></system-err>

  </testsuite>
  <testsuite errors="0" failures="0" hostname="blackhole" id="8" name="HomeControllerTests" package="" tests="1" time="0.0060" timestamp="2008-02-17T13:22:33">
      <properties />

      <testcase classname="HomeControllerTests" name="testSomething" time="0.0010" />

      <system-out><![CDATA[--Output from testSomething--
]]></system-out>

      <system-err><![CDATA[--Output from testSomething--
]]></system-err>

  </testsuite>
  <testsuite errors="0" failures="0" hostname="blackhole" id="9" name="LoginControllerTests" package="" tests="1" time="0.012" timestamp="2008-02-17T13:22:33">
      <properties />

      <testcase classname="LoginControllerTests" name="testSomething" time="0.0" />

      <system-out><![CDATA[--Output from testSomething--
]]></system-out>

      <system-err><![CDATA[--Output from testSomething--
]]></system-err>

  </testsuite>
  <testsuite errors="0" failures="0" hostname="blackhole" id="10" name="MailServiceTests" package="" tests="1" time="0.0070" timestamp="2008-02-17T13:22:33">
      <properties />

      <testcase classname="MailServiceTests" name="testSomething" time="0.0" />

      <system-out><![CDATA[--Output from testSomething--
]]></system-out>

      <system-err><![CDATA[--Output from testSomething--
]]></system-err>

  </testsuite>
  <testsuite errors="1" failures="0" hostname="blackhole" id="11" name="ShoppingCartTests" package="" tests="1" time="0.168" timestamp="2008-02-17T13:22:33">
      <properties />

      <testcase classname="ShoppingCartTests" name="testAddItemsToShoppingCart" time="0.135">
          <error message="could not serialize; nested exception is org.hibernate.type.SerializationException: could not serialize" type="org.springframework.orm.hibernate3.HibernateSystemException">org.springframework.orm.hibernate3.HibernateSystemException: could not serialize; nested exception is org.hibernate.type.SerializationException: could not serialize
	at org.springframework.orm.hibernate3.SessionFactoryUtils.convertHibernateAccessException(SessionFactoryUtils.java:659)
	at org.springframework.orm.hibernate3.HibernateAccessor.convertHibernateAccessException(HibernateAccessor.java:412)
	at org.springframework.orm.hibernate3.HibernateTemplate.execute(HibernateTemplate.java:378)
	at org.springframework.orm.hibernate3.HibernateTemplate.execute(HibernateTemplate.java:338)
	at org.codehaus.groovy.grails.orm.hibernate.metaclass.SavePersistentMethod.performSave(SavePersistentMethod.java:52)
	at org.codehaus.groovy.grails.orm.hibernate.metaclass.AbstractSavePersistentMethod.doInvokeInternal(AbstractSavePersistentMethod.java:109)
	at org.codehaus.groovy.grails.orm.hibernate.metaclass.AbstractDynamicPersistentMethod.invoke(AbstractDynamicPersistentMethod.java:51)
	at org.codehaus.groovy.reflection.CachedMethod.invoke(CachedMethod.java:86)
	at groovy.lang.MetaMethod.doMethodInvoke(MetaMethod.java:226)
	at groovy.lang.MetaClassImpl.invokeMethod(MetaClassImpl.java:899)
	at groovy.lang.ExpandoMetaClass.invokeMethod(ExpandoMetaClass.java:946)
	at groovy.lang.MetaClassImpl.invokeMethod(MetaClassImpl.java:740)
	at org.codehaus.groovy.runtime.InvokerHelper.invokePojoMethod(InvokerHelper.java:765)
	at org.codehaus.groovy.runtime.InvokerHelper.invokeMethod(InvokerHelper.java:753)
	at org.codehaus.groovy.runtime.ScriptBytecodeAdapter.invokeMethodN(ScriptBytecodeAdapter.java:167)
	at org.codehaus.groovy.grails.plugins.orm.hibernate.HibernateGrailsPlugin$_addBasicPersistenceMethods_closure55.doCall(HibernateGrailsPlugin.groovy:518)
	at org.codehaus.groovy.reflection.CachedMethod.invoke(CachedMethod.java:86)
	at groovy.lang.MetaMethod.doMethodInvoke(MetaMethod.java:226)
	at groovy.lang.MetaClassImpl.invokeMethod(MetaClassImpl.java:899)
	at groovy.lang.ExpandoMetaClass.invokeMethod(ExpandoMetaClass.java:946)
	at groovy.lang.MetaClassImpl.invokeMethod(MetaClassImpl.java:740)
	at groovy.lang.Closure.call(Closure.java:292)
	at org.codehaus.groovy.runtime.metaclass.ClosureMetaMethod.invoke(ClosureMetaMethod.java:72)
	at groovy.lang.MetaMethod.doMethodInvoke(MetaMethod.java:226)
	at groovy.lang.MetaClassImpl.invokeMethod(MetaClassImpl.java:899)
	at groovy.lang.ExpandoMetaClass.invokeMethod(ExpandoMetaClass.java:946)
	at groovy.lang.MetaClassImpl.invokeMethod(MetaClassImpl.java:740)
	at org.codehaus.groovy.reflection.CachedMethod.invoke(CachedMethod.java:86)
	at groovy.lang.MetaMethod.doMethodInvoke(MetaMethod.java:226)
	at groovy.lang.MetaClassImpl.invokeMethod(MetaClassImpl.java:899)
	at groovy.lang.MetaClassImpl.invokeMethod(MetaClassImpl.java:740)
	at org.codehaus.groovy.runtime.InvokerHelper.invokePogoMethod(InvokerHelper.java:777)
	at org.codehaus.groovy.runtime.InvokerHelper.invokeMethod(InvokerHelper.java:757)
	at org.codehaus.groovy.runtime.ScriptBytecodeAdapter.invokeMethodN(ScriptBytecodeAdapter.java:167)
	at org.codehaus.groovy.grails.plugins.orm.hibernate.HibernateGrailsPlugin$_closure2_closure80.doCall(HibernateGrailsPlugin.groovy:193)
	at org.codehaus.groovy.reflection.CachedMethod.invoke(CachedMethod.java:86)
	at groovy.lang.MetaMethod.doMethodInvoke(MetaMethod.java:226)
	at groovy.lang.MetaClassImpl.invokeMethod(MetaClassImpl.java:899)
	at groovy.lang.ExpandoMetaClass.invokeMethod(ExpandoMetaClass.java:946)
	at groovy.lang.MetaClassImpl.invokeMethod(MetaClassImpl.java:740)
	at groovy.lang.Closure.call(Closure.java:292)
	at org.codehaus.groovy.runtime.metaclass.ClosureMetaMethod.invoke(ClosureMetaMethod.java:72)
	at groovy.lang.MetaClassImpl.invokeMissingMethod(MetaClassImpl.java:699)
	at groovy.lang.MetaClassImpl.invokeMissingMethod(MetaClassImpl.java:680)
	at groovy.lang.ExpandoMetaClass.invokeMissingMethod(ExpandoMetaClass.java:176)
	at groovy.lang.MetaClassImpl.invokeMethod(MetaClassImpl.java:917)
	at groovy.lang.ExpandoMetaClass.invokeMethod(ExpandoMetaClass.java:946)
	at groovy.lang.MetaClassImpl.invokeMethod(MetaClassImpl.java:740)
	at org.codehaus.groovy.runtime.InvokerHelper.invokePogoMethod(InvokerHelper.java:777)
	at org.codehaus.groovy.runtime.InvokerHelper.invokeMethod(InvokerHelper.java:757)
	at org.codehaus.groovy.runtime.ScriptBytecodeAdapter.invokeMethodN(ScriptBytecodeAdapter.java:167)
	at ShoppingCartTests.testAddItemsToShoppingCart(ShoppingCartTests.groovy:22)
	at org.codehaus.groovy.grails.support.GrailsTestSuite.runTest(GrailsTestSuite.java:72)
	at org.codehaus.groovy.reflection.CachedMethod.invoke(CachedMethod.java:86)
	at groovy.lang.MetaMethod.doMethodInvoke(MetaMethod.java:226)
	at groovy.lang.MetaClassImpl.invokeMethod(MetaClassImpl.java:899)
	at groovy.lang.ExpandoMetaClass.invokeMethod(ExpandoMetaClass.java:946)
	at groovy.lang.MetaClassImpl.invokeMethod(MetaClassImpl.java:740)
	at org.codehaus.groovy.runtime.InvokerHelper.invokePojoMethod(InvokerHelper.java:765)
	at org.codehaus.groovy.runtime.InvokerHelper.invokeMethod(InvokerHelper.java:753)
	at org.codehaus.groovy.runtime.ScriptBytecodeAdapter.invokeMethodN(ScriptBytecodeAdapter.java:167)
	at TestApp_groovy$_run_closure8_closure18_closure19_closure20.doCall(TestApp_groovy:222)
	at org.codehaus.groovy.reflection.CachedMethod.invoke(CachedMethod.java:86)
	at groovy.lang.MetaMethod.doMethodInvoke(MetaMethod.java:226)
	at groovy.lang.MetaClassImpl.invokeMethod(MetaClassImpl.java:899)
	at groovy.lang.ExpandoMetaClass.invokeMethod(ExpandoMetaClass.java:946)
	at org.codehaus.groovy.runtime.ScriptBytecodeAdapter.invokeMethodOnCurrentN(ScriptBytecodeAdapter.java:77)
	at TestApp_groovy$_run_closure8_closure18_closure19_closure20.doCall(TestApp_groovy)
	at org.codehaus.groovy.reflection.CachedMethod.invoke(CachedMethod.java:86)
	at groovy.lang.MetaMethod.doMethodInvoke(MetaMethod.java:226)
	at groovy.lang.MetaClassImpl.invokeMethod(MetaClassImpl.java:899)
	at groovy.lang.ExpandoMetaClass.invokeMethod(ExpandoMetaClass.java:946)
	at groovy.lang.MetaClassImpl.invokeMethod(MetaClassImpl.java:740)
	at groovy.lang.Closure.call(Closure.java:292)
	at groovy.lang.Closure.call(Closure.java:287)
	at org.codehaus.groovy.reflection.CachedMethod.invoke(CachedMethod.java:86)
	at groovy.lang.MetaMethod.doMethodInvoke(MetaMethod.java:226)
	at groovy.lang.MetaClassImpl.invokeMethod(MetaClassImpl.java:899)
	at groovy.lang.ExpandoMetaClass.invokeMethod(ExpandoMetaClass.java:946)
	at groovy.lang.MetaClassImpl.invokeMethod(MetaClassImpl.java:740)
	at org.codehaus.groovy.runtime.InvokerHelper.invokePogoMethod(InvokerHelper.java:777)
	at org.codehaus.groovy.runtime.InvokerHelper.invokeMethod(InvokerHelper.java:757)
	at org.codehaus.groovy.runtime.ScriptBytecodeAdapter.invokeMethodN(ScriptBytecodeAdapter.java:167)
	at org.codehaus.groovy.runtime.ScriptBytecodeAdapter.invokeClosure(ScriptBytecodeAdapter.java:598)
	at TestApp_groovy$_run_closure10_closure27_closure28.doCall(TestApp_groovy:353)
	at org.codehaus.groovy.reflection.CachedMethod.invoke(CachedMethod.java:86)
	at groovy.lang.MetaMethod.doMethodInvoke(MetaMethod.java:226)
	at groovy.lang.MetaClassImpl.invokeMethod(MetaClassImpl.java:899)
	at groovy.lang.ExpandoMetaClass.invokeMethod(ExpandoMetaClass.java:946)
	at groovy.lang.MetaClassImpl.invokeMethod(MetaClassImpl.java:740)
	at groovy.lang.Closure.call(Closure.java:292)
	at org.codehaus.groovy.runtime.ConvertedClosure.invokeCustom(ConvertedClosure.java:48)
	at org.codehaus.groovy.runtime.ConversionHandler.invoke(ConversionHandler.java:72)
	at $Proxy3.doInTransaction(Unknown Source)
	at org.springframework.transaction.support.TransactionTemplate.execute(TransactionTemplate.java:128)
	at org.codehaus.groovy.reflection.CachedMethod.invoke(CachedMethod.java:86)
	at groovy.lang.MetaMethod.doMethodInvoke(MetaMethod.java:226)
	at groovy.lang.MetaClassImpl.invokeMethod(MetaClassImpl.java:899)
	at groovy.lang.ExpandoMetaClass.invokeMethod(ExpandoMetaClass.java:946)
	at groovy.lang.MetaClassImpl.invokeMethod(MetaClassImpl.java:740)
	at org.codehaus.groovy.runtime.InvokerHelper.invokePojoMethod(InvokerHelper.java:765)
	at org.codehaus.groovy.runtime.InvokerHelper.invokeMethod(InvokerHelper.java:753)
	at org.codehaus.groovy.runtime.ScriptBytecodeAdapter.invokeMethodN(ScriptBytecodeAdapter.java:167)
	at TestApp_groovy$_run_closure10_closure27.doCall(TestApp_groovy:365)
	at org.codehaus.groovy.reflection.CachedMethod.invoke(CachedMethod.java:86)
	at groovy.lang.MetaMethod.doMethodInvoke(MetaMethod.java:226)
	at groovy.lang.MetaClassImpl.invokeMethod(MetaClassImpl.java:899)
	at groovy.lang.ExpandoMetaClass.invokeMethod(ExpandoMetaClass.java:946)
	at org.codehaus.groovy.runtime.ScriptBytecodeAdapter.invokeMethodOnCurrentN(ScriptBytecodeAdapter.java:77)
	at TestApp_groovy$_run_closure10_closure27.call(TestApp_groovy)
	at org.codehaus.groovy.reflection.CachedMethod.invoke(CachedMethod.java:86)
	at groovy.lang.MetaMethod.doMethodInvoke(MetaMethod.java:226)
	at groovy.lang.MetaClassImpl.invokeMethod(MetaClassImpl.java:899)
	at groovy.lang.ExpandoMetaClass.invokeMethod(ExpandoMetaClass.java:946)
	at groovy.lang.MetaClassImpl.invokeMethod(MetaClassImpl.java:740)
	at org.codehaus.groovy.runtime.InvokerHelper.invokePogoMethod(InvokerHelper.java:777)
	at org.codehaus.groovy.runtime.InvokerHelper.invokeMethod(InvokerHelper.java:757)
	at org.codehaus.groovy.runtime.ScriptBytecodeAdapter.invokeMethodN(ScriptBytecodeAdapter.java:167)
	at org.codehaus.groovy.runtime.ScriptBytecodeAdapter.invokeClosure(ScriptBytecodeAdapter.java:598)
	at TestApp_groovy$_run_closure8_closure18_closure19.doCall(TestApp_groovy:220)
	at org.codehaus.groovy.reflection.CachedMethod.invoke(CachedMethod.java:86)
	at groovy.lang.MetaMethod.doMethodInvoke(MetaMethod.java:226)
	at groovy.lang.MetaClassImpl.invokeMethod(MetaClassImpl.java:899)
	at groovy.lang.ExpandoMetaClass.invokeMethod(ExpandoMetaClass.java:946)
	at groovy.lang.MetaClassImpl.invokeMethod(MetaClassImpl.java:740)
	at groovy.lang.Closure.call(Closure.java:292)
	at groovy.lang.Closure.call(Closure.java:305)
	at org.codehaus.groovy.runtime.DefaultGroovyMethods.withStream(DefaultGroovyMethods.java:8161)
	at org.codehaus.groovy.runtime.DefaultGroovyMethods.withOutputStream(DefaultGroovyMethods.java:7738)
	at org.codehaus.groovy.runtime.metaclass.ReflectionMetaMethod.invoke(ReflectionMetaMethod.java:51)
	at org.codehaus.groovy.runtime.metaclass.NewInstanceMetaMethod.invoke(NewInstanceMetaMethod.java:54)
	at groovy.lang.MetaMethod.doMethodInvoke(MetaMethod.java:226)
	at groovy.lang.MetaClassImpl.invokeMethod(MetaClassImpl.java:899)
	at groovy.lang.ExpandoMetaClass.invokeMethod(ExpandoMetaClass.java:946)
	at groovy.lang.MetaClassImpl.invokeMethod(MetaClassImpl.java:740)
	at org.codehaus.groovy.runtime.InvokerHelper.invokePojoMethod(InvokerHelper.java:765)
	at org.codehaus.groovy.runtime.InvokerHelper.invokeMethod(InvokerHelper.java:753)
	at org.codehaus.groovy.runtime.ScriptBytecodeAdapter.invokeMethodN(ScriptBytecodeAdapter.java:167)
	at TestApp_groovy$_run_closure8_closure18.doCall(TestApp_groovy:195)
	at org.codehaus.groovy.reflection.CachedMethod.invoke(CachedMethod.java:86)
	at groovy.lang.MetaMethod.doMethodInvoke(MetaMethod.java:226)
	at groovy.lang.MetaClassImpl.invokeMethod(MetaClassImpl.java:899)
	at groovy.lang.ExpandoMetaClass.invokeMethod(ExpandoMetaClass.java:946)
	at groovy.lang.MetaClassImpl.invokeMethod(MetaClassImpl.java:740)
	at groovy.lang.Closure.call(Closure.java:292)
	at groovy.lang.Closure.call(Closure.java:305)
	at org.codehaus.groovy.runtime.DefaultGroovyMethods.withStream(DefaultGroovyMethods.java:8161)
	at org.codehaus.groovy.runtime.DefaultGroovyMethods.withOutputStream(DefaultGroovyMethods.java:7738)
	at org.codehaus.groovy.runtime.metaclass.ReflectionMetaMethod.invoke(ReflectionMetaMethod.java:51)
	at org.codehaus.groovy.runtime.metaclass.NewInstanceMetaMethod.invoke(NewInstanceMetaMethod.java:54)
	at groovy.lang.MetaMethod.doMethodInvoke(MetaMethod.java:226)
	at groovy.lang.MetaClassImpl.invokeMethod(MetaClassImpl.java:899)
	at groovy.lang.ExpandoMetaClass.invokeMethod(ExpandoMetaClass.java:946)
	at groovy.lang.MetaClassImpl.invokeMethod(MetaClassImpl.java:740)
	at org.codehaus.groovy.runtime.InvokerHelper.invokePojoMethod(InvokerHelper.java:765)
	at org.codehaus.groovy.runtime.InvokerHelper.invokeMethod(InvokerHelper.java:753)
	at org.codehaus.groovy.runtime.ScriptBytecodeAdapter.invokeMethodN(ScriptBytecodeAdapter.java:167)
	at TestApp_groovy$_run_closure8.doCall(TestApp_groovy:194)
	at org.codehaus.groovy.reflection.CachedMethod.invoke(CachedMethod.java:86)
	at groovy.lang.MetaMethod.doMethodInvoke(MetaMethod.java:226)
	at groovy.lang.MetaClassImpl.invokeMethod(MetaClassImpl.java:899)
	at groovy.lang.ExpandoMetaClass.invokeMethod(ExpandoMetaClass.java:946)
	at org.codehaus.groovy.runtime.ScriptBytecodeAdapter.invokeMethodOnCurrentN(ScriptBytecodeAdapter.java:77)
	at TestApp_groovy$_run_closure8.call(TestApp_groovy)
	at org.codehaus.groovy.reflection.CachedMethod.invoke(CachedMethod.java:86)
	at groovy.lang.MetaMethod.doMethodInvoke(MetaMethod.java:226)
	at groovy.lang.MetaClassImpl.invokeMethod(MetaClassImpl.java:899)
	at groovy.lang.ExpandoMetaClass.invokeMethod(ExpandoMetaClass.java:946)
	at groovy.lang.MetaClassImpl.invokeMethod(MetaClassImpl.java:740)
	at org.codehaus.groovy.runtime.InvokerHelper.invokePogoMethod(InvokerHelper.java:777)
	at org.codehaus.groovy.runtime.InvokerHelper.invokeMethod(InvokerHelper.java:757)
	at org.codehaus.groovy.runtime.ScriptBytecodeAdapter.invokeMethodN(ScriptBytecodeAdapter.java:167)
	at org.codehaus.groovy.runtime.ScriptBytecodeAdapter.invokeClosure(ScriptBytecodeAdapter.java:598)
	at TestApp_groovy$_run_closure10.doCall(TestApp_groovy:338)
	at org.codehaus.groovy.reflection.CachedMethod.invoke(CachedMethod.java:86)
	at groovy.lang.MetaMethod.doMethodInvoke(MetaMethod.java:226)
	at groovy.lang.MetaClassImpl.invokeMethod(MetaClassImpl.java:899)
	at groovy.lang.ExpandoMetaClass.invokeMethod(ExpandoMetaClass.java:946)
	at groovy.lang.MetaClassImpl.invokeMethod(MetaClassImpl.java:740)
	at groovy.lang.DelegatingMetaClass.invokeMethod(DelegatingMetaClass.java:142)
	at org.codehaus.gant.GantMetaClass.invokeMethod(GantMetaClass.java:79)
	at org.codehaus.gant.GantMetaClass.invokeMethod(GantMetaClass.java:94)
	at org.codehaus.groovy.runtime.ScriptBytecodeAdapter.invokeMethodOnCurrentN(ScriptBytecodeAdapter.java:77)
	at TestApp_groovy$_run_closure10.doCall(TestApp_groovy)
	at org.codehaus.groovy.reflection.CachedMethod.invoke(CachedMethod.java:86)
	at groovy.lang.MetaMethod.doMethodInvoke(MetaMethod.java:226)
	at groovy.lang.MetaClassImpl.invokeMethod(MetaClassImpl.java:899)
	at groovy.lang.ExpandoMetaClass.invokeMethod(ExpandoMetaClass.java:946)
	at groovy.lang.MetaClassImpl.invokeMethod(MetaClassImpl.java:740)
	at groovy.lang.DelegatingMetaClass.invokeMethod(DelegatingMetaClass.java:142)
	at org.codehaus.gant.GantMetaClass.invokeMethod(GantMetaClass.java:79)
	at groovy.lang.Closure.call(Closure.java:292)
	at groovy.lang.Script.invokeMethod(Script.java:87)
	at groovy.lang.MetaClassImpl.invokeMethodOnGroovyObject(MetaClassImpl.java:934)
	at groovy.lang.MetaClassImpl.invokeMethod(MetaClassImpl.java:881)
	at groovy.lang.ExpandoMetaClass.invokeMethod(ExpandoMetaClass.java:946)
	at groovy.lang.MetaClassImpl.invokeMethod(MetaClassImpl.java:740)
	at groovy.lang.DelegatingMetaClass.invokeMethod(DelegatingMetaClass.java:142)
	at org.codehaus.gant.GantMetaClass.invokeMethod(GantMetaClass.java:79)
	at org.codehaus.gant.GantMetaClass.invokeMethod(GantMetaClass.java:94)
	at org.codehaus.groovy.runtime.ScriptBytecodeAdapter.invokeMethodOnCurrentN(ScriptBytecodeAdapter.java:77)
	at org.codehaus.groovy.runtime.ScriptBytecodeAdapter.invokeMethodOnCurrent0(ScriptBytecodeAdapter.java:109)
	at TestApp_groovy$_run_closure3.doCall(TestApp_groovy:116)
	at org.codehaus.groovy.reflection.CachedMethod.invoke(CachedMethod.java:86)
	at groovy.lang.MetaMethod.doMethodInvoke(MetaMethod.java:226)
	at groovy.lang.MetaClassImpl.invokeMethod(MetaClassImpl.java:899)
	at groovy.lang.ExpandoMetaClass.invokeMethod(ExpandoMetaClass.java:946)
	at groovy.lang.MetaClassImpl.invokeMethod(MetaClassImpl.java:740)
	at groovy.lang.DelegatingMetaClass.invokeMethod(DelegatingMetaClass.java:142)
	at org.codehaus.gant.GantMetaClass.invokeMethod(GantMetaClass.java:79)
	at org.codehaus.gant.GantMetaClass.invokeMethod(GantMetaClass.java:94)
	at org.codehaus.groovy.runtime.ScriptBytecodeAdapter.invokeMethodOnCurrentN(ScriptBytecodeAdapter.java:77)
	at TestApp_groovy$_run_closure3.doCall(TestApp_groovy)
	at org.codehaus.groovy.reflection.CachedMethod.invoke(CachedMethod.java:86)
	at groovy.lang.MetaMethod.doMethodInvoke(MetaMethod.java:226)
	at groovy.lang.MetaClassImpl.invokeMethod(MetaClassImpl.java:899)
	at groovy.lang.ExpandoMetaClass.invokeMethod(ExpandoMetaClass.java:946)
	at groovy.lang.MetaClassImpl.invokeMethod(MetaClassImpl.java:740)
	at groovy.lang.DelegatingMetaClass.invokeMethod(DelegatingMetaClass.java:142)
	at org.codehaus.gant.GantMetaClass.invokeMethod(GantMetaClass.java:79)
	at groovy.lang.Closure.call(Closure.java:292)
	at groovy.lang.Script.invokeMethod(Script.java:87)
	at groovy.lang.MetaClassImpl.invokeMethodOnGroovyObject(MetaClassImpl.java:934)
	at groovy.lang.MetaClassImpl.invokeMethod(MetaClassImpl.java:881)
	at groovy.lang.ExpandoMetaClass.invokeMethod(ExpandoMetaClass.java:946)
	at groovy.lang.MetaClassImpl.invokeMethod(MetaClassImpl.java:740)
	at groovy.lang.DelegatingMetaClass.invokeMethod(DelegatingMetaClass.java:142)
	at org.codehaus.gant.GantMetaClass.invokeMethod(GantMetaClass.java:79)
	at org.codehaus.gant.GantMetaClass.invokeMethod(GantMetaClass.java:94)
	at org.codehaus.groovy.runtime.ScriptBytecodeAdapter.invokeMethodOnCurrentN(ScriptBytecodeAdapter.java:77)
	at org.codehaus.groovy.runtime.ScriptBytecodeAdapter.invokeMethodOnCurrent0(ScriptBytecodeAdapter.java:109)
	at TestApp_groovy$_run_closure1.doCall(TestApp_groovy:62)
	at org.codehaus.groovy.reflection.CachedMethod.invoke(CachedMethod.java:86)
	at groovy.lang.MetaMethod.doMethodInvoke(MetaMethod.java:226)
	at groovy.lang.MetaClassImpl.invokeMethod(MetaClassImpl.java:899)
	at groovy.lang.ExpandoMetaClass.invokeMethod(ExpandoMetaClass.java:946)
	at groovy.lang.MetaClassImpl.invokeMethod(MetaClassImpl.java:740)
	at groovy.lang.DelegatingMetaClass.invokeMethod(DelegatingMetaClass.java:142)
	at org.codehaus.gant.GantMetaClass.invokeMethod(GantMetaClass.java:79)
	at org.codehaus.gant.GantMetaClass.invokeMethod(GantMetaClass.java:94)
	at org.codehaus.groovy.runtime.ScriptBytecodeAdapter.invokeMethodOnCurrentN(ScriptBytecodeAdapter.java:77)
	at TestApp_groovy$_run_closure1.doCall(TestApp_groovy)
	at org.codehaus.groovy.reflection.CachedMethod.invoke(CachedMethod.java:86)
	at groovy.lang.MetaMethod.doMethodInvoke(MetaMethod.java:226)
	at groovy.lang.MetaClassImpl.invokeMethod(MetaClassImpl.java:899)
	at groovy.lang.ExpandoMetaClass.invokeMethod(ExpandoMetaClass.java:946)
	at groovy.lang.MetaClassImpl.invokeMethod(MetaClassImpl.java:740)
	at groovy.lang.DelegatingMetaClass.invokeMethod(DelegatingMetaClass.java:142)
	at org.codehaus.gant.GantMetaClass.invokeMethod(GantMetaClass.java:79)
	at groovy.lang.Closure.call(Closure.java:292)
	at groovy.lang.Closure.call(Closure.java:287)
	at groovy.lang.Closure.run(Closure.java:368)
	at org.codehaus.groovy.reflection.CachedMethod.invoke(CachedMethod.java:86)
	at groovy.lang.MetaMethod.doMethodInvoke(MetaMethod.java:226)
	at groovy.lang.MetaClassImpl.invokeMethod(MetaClassImpl.java:899)
	at groovy.lang.ExpandoMetaClass.invokeMethod(ExpandoMetaClass.java:946)
	at groovy.lang.MetaClassImpl.invokeMethod(MetaClassImpl.java:740)
	at groovy.lang.DelegatingMetaClass.invokeMethod(DelegatingMetaClass.java:142)
	at org.codehaus.gant.GantMetaClass.invokeMethod(GantMetaClass.java:79)
	at org.codehaus.groovy.runtime.InvokerHelper.invokePogoMethod(InvokerHelper.java:777)
	at org.codehaus.groovy.runtime.InvokerHelper.invokeMethod(InvokerHelper.java:757)
	at org.codehaus.groovy.runtime.ScriptBytecodeAdapter.invokeMethodN(ScriptBytecodeAdapter.java:167)
	at org.codehaus.groovy.runtime.ScriptBytecodeAdapter.invokeMethod0(ScriptBytecodeAdapter.java:195)
	at gant.Gant.dispatch(Gant.groovy:271)
	at gant.Gant.this$2$dispatch(Gant.groovy)
	at org.codehaus.groovy.reflection.CachedMethod.invoke(CachedMethod.java:86)
	at groovy.lang.MetaMethod.doMethodInvoke(MetaMethod.java:226)
	at groovy.lang.MetaClassImpl.invokeMethod(MetaClassImpl.java:899)
	at groovy.lang.ExpandoMetaClass.invokeMethod(ExpandoMetaClass.java:946)
	at groovy.lang.MetaClassImpl.invokeMethod(MetaClassImpl.java:740)
	at groovy.lang.MetaClassImpl.invokeMethod(MetaClassImpl.java:675)
	at org.codehaus.groovy.reflection.CachedMethod.invoke(CachedMethod.java:86)
	at groovy.lang.MetaMethod.doMethodInvoke(MetaMethod.java:226)
	at groovy.lang.MetaClassImpl.invokeMethod(MetaClassImpl.java:899)
	at groovy.lang.MetaClassImpl.invokeMethod(MetaClassImpl.java:740)
	at org.codehaus.groovy.runtime.InvokerHelper.invokePogoMethod(InvokerHelper.java:777)
	at org.codehaus.groovy.runtime.InvokerHelper.invokeMethod(InvokerHelper.java:757)
	at org.codehaus.groovy.runtime.ScriptBytecodeAdapter.invokeMethodN(ScriptBytecodeAdapter.java:167)
	at gant.Gant.invokeMethod(Gant.groovy)
	at org.codehaus.groovy.reflection.CachedMethod.invoke(CachedMethod.java:86)
	at groovy.lang.MetaMethod.doMethodInvoke(MetaMethod.java:226)
	at groovy.lang.MetaClassImpl.invokeMethod(MetaClassImpl.java:899)
	at groovy.lang.ExpandoMetaClass.invokeMethod(ExpandoMetaClass.java:946)
	at org.codehaus.groovy.runtime.ScriptBytecodeAdapter.invokeMethodOnCurrentN(ScriptBytecodeAdapter.java:77)
	at gant.Gant.processTargets(Gant.groovy:436)
	at org.codehaus.groovy.reflection.CachedMethod.invoke(CachedMethod.java:86)
	at groovy.lang.MetaMethod.doMethodInvoke(MetaMethod.java:226)
	at groovy.lang.MetaClassImpl.invokeMethod(MetaClassImpl.java:899)
	at groovy.lang.ExpandoMetaClass.invokeMethod(ExpandoMetaClass.java:946)
	at org.codehaus.groovy.runtime.ScriptBytecodeAdapter.invokeMethodOnCurrentN(ScriptBytecodeAdapter.java:77)
	at gant.Gant.processArgs(Gant.groovy:372)
	at org.codehaus.groovy.reflection.CachedMethod.invoke(CachedMethod.java:86)
	at groovy.lang.MetaMethod.doMethodInvoke(MetaMethod.java:226)
	at groovy.lang.MetaClassImpl.invokeMethod(MetaClassImpl.java:899)
	at groovy.lang.ExpandoMetaClass.invokeMethod(ExpandoMetaClass.java:946)
	at groovy.lang.MetaClassImpl.invokeMethod(MetaClassImpl.java:740)
	at org.codehaus.groovy.runtime.InvokerHelper.invokePogoMethod(InvokerHelper.java:777)
	at org.codehaus.groovy.runtime.InvokerHelper.invokeMethod(InvokerHelper.java:757)
	at org.codehaus.groovy.runtime.ScriptBytecodeAdapter.invokeMethodN(ScriptBytecodeAdapter.java:167)
	at org.codehaus.groovy.grails.cli.GrailsScriptRunner.callPluginOrGrailsScript(GrailsScriptRunner.groovy:204)
	at org.codehaus.groovy.reflection.CachedMethod.invoke(CachedMethod.java:86)
	at groovy.lang.MetaMethod.doMethodInvoke(MetaMethod.java:226)
	at groovy.lang.MetaClassImpl.invokeStaticMethod(MetaClassImpl.java:1094)
	at groovy.lang.ExpandoMetaClass.invokeStaticMethod(ExpandoMetaClass.java:957)
	at org.codehaus.groovy.runtime.InvokerHelper.invokeStaticMethod(InvokerHelper.java:800)
	at org.codehaus.groovy.runtime.ScriptBytecodeAdapter.invokeStaticMethodN(ScriptBytecodeAdapter.java:212)
	at org.codehaus.groovy.grails.cli.GrailsScriptRunner.main(GrailsScriptRunner.groovy:124)
	at org.codehaus.groovy.grails.cli.support.GrailsStarter.rootLoader(GrailsStarter.java:140)
	at org.codehaus.groovy.grails.cli.support.GrailsStarter.main(GrailsStarter.java:169)
Caused by: org.hibernate.type.SerializationException: could not serialize
	at org.hibernate.util.SerializationHelper.serialize(SerializationHelper.java:158)
	at org.hibernate.util.SerializationHelper.serialize(SerializationHelper.java:178)
	at org.hibernate.type.SerializableType.toBytes(SerializableType.java:78)
	at org.hibernate.type.SerializableType.deepCopyNotNull(SerializableType.java:74)
	at org.hibernate.type.MutableType.deepCopy(MutableType.java:25)
	at org.hibernate.type.TypeFactory.deepCopy(TypeFactory.java:374)
	at org.hibernate.event.def.AbstractSaveEventListener.performSaveOrReplicate(AbstractSaveEventListener.java:280)
	at org.hibernate.event.def.AbstractSaveEventListener.performSave(AbstractSaveEventListener.java:181)
	at org.hibernate.event.def.AbstractSaveEventListener.saveWithGeneratedId(AbstractSaveEventListener.java:107)
	at org.hibernate.event.def.DefaultSaveOrUpdateEventListener.saveWithGeneratedOrRequestedId(DefaultSaveOrUpdateEventListener.java:187)
	at org.hibernate.event.def.DefaultSaveOrUpdateEventListener.entityIsTransient(DefaultSaveOrUpdateEventListener.java:172)
	at org.hibernate.event.def.DefaultSaveOrUpdateEventListener.performSaveOrUpdate(DefaultSaveOrUpdateEventListener.java:94)
	at org.hibernate.event.def.DefaultSaveOrUpdateEventListener.onSaveOrUpdate(DefaultSaveOrUpdateEventListener.java:70)
	at org.hibernate.impl.SessionImpl.fireSaveOrUpdate(SessionImpl.java:507)
	at org.hibernate.impl.SessionImpl.saveOrUpdate(SessionImpl.java:499)
	at org.hibernate.impl.SessionImpl.saveOrUpdate(SessionImpl.java:495)
	at org.springframework.orm.hibernate3.HibernateTemplate$CloseSuppressingInvocationHandler.invoke(HibernateTemplate.java:1238)
	at $Proxy5.saveOrUpdate(Unknown Source)
	at org.codehaus.groovy.grails.orm.hibernate.metaclass.SavePersistentMethod$1.doInHibernate(SavePersistentMethod.java:54)
	at org.springframework.orm.hibernate3.HibernateTemplate.execute(HibernateTemplate.java:373)
Caused by: java.io.NotSerializableException: CartItem
	at java.io.ObjectOutputStream.writeObject0(ObjectOutputStream.java:1156)
	at java.io.ObjectOutputStream.writeObject(ObjectOutputStream.java:326)
	at java.util.LinkedList.writeObject(LinkedList.java:943)
	at java.io.ObjectStreamClass.invokeWriteObject(ObjectStreamClass.java:945)
	at java.io.ObjectOutputStream.writeSerialData(ObjectOutputStream.java:1461)
	at java.io.ObjectOutputStream.writeOrdinaryObject(ObjectOutputStream.java:1392)
	at java.io.ObjectOutputStream.writeObject0(ObjectOutputStream.java:1150)
	at java.io.ObjectOutputStream.writeObject(ObjectOutputStream.java:326)
	at org.hibernate.util.SerializationHelper.serialize(SerializationHelper.java:154)
</error>

      </testcase>

      <system-out><![CDATA[--Output from testAddItemsToShoppingCart--
]]></system-out>

      <system-err><![CDATA[--Output from testAddItemsToShoppingCart--
]]></system-err>

  </testsuite>
  <testsuite errors="0" failures="0" hostname="blackhole" id="12" name="UserTests" package="" tests="1" time="0.0090" timestamp="2008-02-17T13:22:34">
      <properties />

      <testcase classname="UserTests" name="testSomething" time="0.0" />

      <system-out><![CDATA[--Output from testSomething--
]]></system-out>

      <system-err><![CDATA[--Output from testSomething--
]]></system-err>

  </testsuite>
</testsuites>
